[2023-12-22 10:02:02,231][line: 147] ==> creating ./cache/logs/2023-12-22-10-02.log
[2023-12-22 10:02:02,232][line: 41] ==>    Train batch size = 32
[2023-12-22 10:02:02,232][line: 42] ==>    Total steps = 1500
[2023-12-22 10:02:02,233][line: 43] ==>    Training Start!
[2023-12-22 10:27:18,083][line: 70] ==> ====Epoch:[1/4] avg_train_loss=0.09171====
[2023-12-22 10:27:18,091][line: 71] ==> ====Training epoch took: 25:15====
[2023-12-22 10:27:18,091][line: 72] ==> Running Validation...
[2023-12-22 10:27:40,364][line: 77] ==> ====Epoch:[1/4] avg_val_loss=0.02272 avg_val_acc=0.99337====
[2023-12-22 10:27:40,364][line: 78] ==> ====Validation epoch took: 25:38====
[2023-12-22 10:27:40,365][line: 79] ==> 
[2023-12-22 10:35:10,623][line: 70] ==> ====Epoch:[2/4] avg_train_loss=0.04272====
[2023-12-22 10:35:10,623][line: 71] ==> ====Training epoch took: 07:29====
[2023-12-22 10:35:10,624][line: 72] ==> Running Validation...
[2023-12-22 10:35:31,891][line: 77] ==> ====Epoch:[2/4] avg_val_loss=0.01586 avg_val_acc=0.99621====
[2023-12-22 10:35:31,892][line: 78] ==> ====Validation epoch took: 07:50====
[2023-12-22 10:35:31,892][line: 79] ==> 
[2023-12-22 10:46:25,658][line: 70] ==> ====Epoch:[3/4] avg_train_loss=0.02408====
[2023-12-22 10:46:25,660][line: 71] ==> ====Training epoch took: 10:53====
[2023-12-22 10:46:25,660][line: 72] ==> Running Validation...
[2023-12-22 10:46:54,190][line: 77] ==> ====Epoch:[3/4] avg_val_loss=0.01277 avg_val_acc=0.99716====
[2023-12-22 10:46:54,191][line: 78] ==> ====Validation epoch took: 11:21====
[2023-12-22 10:46:54,191][line: 79] ==> 
[2023-12-22 10:54:26,218][line: 70] ==> ====Epoch:[4/4] avg_train_loss=0.01300====
[2023-12-22 10:54:26,218][line: 71] ==> ====Training epoch took: 07:31====
[2023-12-22 10:54:26,219][line: 72] ==> Running Validation...
[2023-12-22 10:54:47,630][line: 77] ==> ====Epoch:[4/4] avg_val_loss=0.01198 avg_val_acc=0.99716====
[2023-12-22 10:54:47,630][line: 78] ==> ====Validation epoch took: 07:52====
[2023-12-22 10:54:47,631][line: 79] ==> 
[2023-12-22 10:54:48,909][line: 85] ==> 
[2023-12-22 10:54:48,911][line: 86] ==>    Training Completed!
